[debug] [2019-10-10T07:19:22.928Z] ----------------------------------------------------------------------
[debug] [2019-10-10T07:19:22.930Z] Command:       C:\Program Files\nodejs\node.exe C:\Users\BrijeshKum\AppData\Roaming\npm\node_modules\firebase-tools\lib\bin\firebase.js deploy
[debug] [2019-10-10T07:19:22.930Z] CLI Version:   7.5.0
[debug] [2019-10-10T07:19:22.931Z] Platform:      win32
[debug] [2019-10-10T07:19:22.931Z] Node Version:  v10.15.3
[debug] [2019-10-10T07:19:22.983Z] Time:          Thu Oct 10 2019 12:49:22 GMT+0530 (India Standard Time)
[debug] [2019-10-10T07:19:22.983Z] ----------------------------------------------------------------------
[debug] 
[debug] [2019-10-10T07:19:23.090Z] > command requires scopes: ["email","openid","https://www.googleapis.com/auth/cloudplatformprojects.readonly","https://www.googleapis.com/auth/firebase","https://www.googleapis.com/auth/cloud-platform"]
[debug] [2019-10-10T07:19:23.093Z] > authorizing via signed-in user
[debug] [2019-10-10T07:19:23.093Z] [iam] checking project react-typescript-firebas-d8ae3 for permissions ["firebase.projects.get","firebasehosting.sites.update"]
[debug] [2019-10-10T07:19:23.096Z] >>> HTTP REQUEST POST https://cloudresourcemanager.googleapis.com/v1/projects/react-typescript-firebas-d8ae3:testIamPermissions  

[debug] [2019-10-10T07:19:25.168Z] <<< HTTP RESPONSE 200
[debug] [2019-10-10T07:19:25.170Z] >>> HTTP REQUEST GET https://firebase.googleapis.com/v1beta1/projects/react-typescript-firebas-d8ae3  
 
[debug] [2019-10-10T07:19:25.932Z] <<< HTTP RESPONSE 200
[info] 
[info] === Deploying to 'react-typescript-firebas-d8ae3'...
[info] 
[info] i  deploying hosting
[debug] [2019-10-10T07:19:25.939Z] >>> HTTP REQUEST POST https://firebasehosting.googleapis.com/v1beta1/sites/react-typescript-firebas-d8ae3/versions  

[debug] [2019-10-10T07:19:38.246Z] <<< HTTP RESPONSE 503
[debug] [2019-10-10T07:19:38.247Z] <<< HTTP RESPONSE BODY
[error] 
[error] Error: HTTP Error: 503, The service is currently unavailable.
[debug] [2019-10-10T07:19:38.747Z] Error Context: {
  "body": {
    "error": {
      "code": 503,
      "message": "The service is currently unavailable.",
      "status": "UNAVAILABLE"
    }
  },
  "response": {
    "statusCode": 503,
    "body": {
      "error": {
        "code": 503,
        "message": "The service is currently unavailable.",
        "status": "UNAVAILABLE"
      }
    },
    "headers": {
      "vary": "X-Origin, Referer, Origin,Accept-Encoding",
      "content-type": "application/json; charset=UTF-8",
      "date": "Thu, 10 Oct 2019 07:19:37 GMT",
      "server": "ESF",
      "cache-control": "private",
      "x-xss-protection": "0",
      "x-frame-options": "SAMEORIGIN",
      "x-content-type-options": "nosniff",
      "alt-svc": "quic=\":443\"; ma=2592000; v=\"46,43\",h3-Q048=\":443\"; ma=2592000,h3-Q046=\":443\"; ma=2592000,h3-Q043=\":443\"; ma=2592000",
      "accept-ranges": "none",
      "transfer-encoding": "chunked"
    },
    "request": {
      "uri": {
        "protocol": "https:",
        "slashes": true,
        "auth": null,
        "host": "firebasehosting.googleapis.com",
        "port": 443,
        "hostname": "firebasehosting.googleapis.com",
        "hash": null,
        "search": null,
        "query": null,
        "pathname": "/v1beta1/sites/react-typescript-firebas-d8ae3/versions",
        "path": "/v1beta1/sites/react-typescript-firebas-d8ae3/versions",
        "href": "https://firebasehosting.googleapis.com/v1beta1/sites/react-typescript-firebas-d8ae3/versions"
      },
      "method": "POST"
    }
  }
}
